Aldebaran Mecca strated training.
Model is UU3d.
Resolution is 32.
NumEpochs is 20.
Batch Length is 8.
Learning rate is 0.01.
Momentum is 0.9.
Valid/Train ratio is 0.25.
Data path is ignore/data/numpyData32.

204711 Aldebaran Mecca is loading data.
	There are 50 images in total.
	There are 38 training images, and 12 validation images.
204711 Data is loaded.

204711 Model UU3d was initialized from scratch.
	Optimizer SGD with learning rate 0.01 and momentum 0.9.
	Loss and Score are IoU.

All right, let's do this.

-------Epoch 1-------
204711 Aldebaran Mecca started epoch 1.

	---Training-------------

	Batch loss is 0.9064310789108276.
	Batch loss is 0.9467587471008301.
	Batch loss is 0.8961262702941895.
	Batch loss is 0.9571734666824341.
	Batch loss is 0.965358555316925.

	Batch score is 0.02900785766541958.
	Batch score is 0.017360322177410126.
	Batch score is 0.04100774973630905.
	Batch score is 0.015918053686618805.
	Batch score is 0.0170875396579504.

The average training loss was 0.9343696236610413.
The average training score was 0.02407630458474159.

	---Testing-------------

	Batch score is 0.028180036693811417.
	Batch score is 0.05993659049272537.

The average testing score was 0.044058313593268394.

-------Epoch 2-------
204726 Aldebaran Mecca started epoch 2.

	---Training-------------

	Batch loss is 0.8944095969200134.
	Batch loss is 0.9342224597930908.
	Batch loss is 0.8677803874015808.
	Batch loss is 0.9415347576141357.
	Batch loss is 0.953414261341095.

	Batch score is 0.06193692982196808.
	Batch score is 0.044052012264728546.
	Batch score is 0.10081428289413452.
	Batch score is 0.04346970468759537.
	Batch score is 0.03475138917565346.

The average training loss was 0.9182722926139831.
The average training score was 0.05700486376881599.

	---Testing-------------

	Batch score is 0.10033649206161499.
	Batch score is 0.09878850728273392.

The average testing score was 0.09956249967217445.

-------Epoch 3-------
204741 Aldebaran Mecca started epoch 3.

	---Training-------------

	Batch loss is 0.853560745716095.
	Batch loss is 0.9095171689987183.
	Batch loss is 0.8296411037445068.
	Batch loss is 0.9274101257324219.
	Batch loss is 0.9453817009925842.

	Batch score is 0.10704833269119263.
	Batch score is 0.06619744002819061.
	Batch score is 0.13404516875743866.
	Batch score is 0.05116446688771248.
	Batch score is 0.0382908396422863.

The average training loss was 0.8931021690368652.
The average training score was 0.07934924960136414.

	---Testing-------------

	Batch score is 0.12602896988391876.
	Batch score is 0.10804709792137146.

The average testing score was 0.11703803390264511.

-------Epoch 4-------
204756 Aldebaran Mecca started epoch 4.

	---Training-------------

	Batch loss is 0.8270212411880493.
	Batch loss is 0.896162748336792.
	Batch loss is 0.8162558674812317.
	Batch loss is 0.920665979385376.
	Batch loss is 0.9400981068611145.

	Batch score is 0.1273825764656067.
	Batch score is 0.08150672167539597.
	Batch score is 0.15591946244239807.
	Batch score is 0.05811573565006256.
	Batch score is 0.041604235768318176.

The average training loss was 0.8800407886505127.
The average training score was 0.09290574640035629.

	---Testing-------------

	Batch score is 0.2144419401884079.
	Batch score is 0.3657726049423218.

The average testing score was 0.29010727256536484.

-------Epoch 5-------
204811 Aldebaran Mecca started epoch 5.

	---Training-------------

	Batch loss is 0.816899836063385.
	Batch loss is 0.8900235295295715.
	Batch loss is 0.8126351237297058.
	Batch loss is 0.9169663190841675.
	Batch loss is 0.9366674423217773.

	Batch score is 0.1429603397846222.
	Batch score is 0.09002786129713058.
	Batch score is 0.16488902270793915.
	Batch score is 0.06395652145147324.
	Batch score is 0.045609116554260254.

The average training loss was 0.8746384501457214.
The average training score was 0.10148857235908508.

	---Testing-------------

	Batch score is 0.24855412542819977.
	Batch score is 0.4583933353424072.

The average testing score was 0.3534737303853035.

-------Epoch 6-------
204826 Aldebaran Mecca started epoch 6.

	---Training-------------

	Batch loss is 0.8126848936080933.
	Batch loss is 0.8871778249740601.
	Batch loss is 0.8092620372772217.
	Batch loss is 0.9149753451347351.
	Batch loss is 0.9351782202720642.

	Batch score is 0.15201592445373535.
	Batch score is 0.0970454216003418.
	Batch score is 0.17559601366519928.
	Batch score is 0.06900190562009811.
	Batch score is 0.04796791076660156.

The average training loss was 0.8718556642532349.
The average training score was 0.10832543522119523.

	---Testing-------------

	Batch score is 0.22940972447395325.
	Batch score is 0.4225974678993225.

The average testing score was 0.3260035961866379.

-------Epoch 7-------
204841 Aldebaran Mecca started epoch 7.

	---Training-------------

	Batch loss is 0.8087623119354248.
	Batch loss is 0.8855037093162537.
	Batch loss is 0.8061770796775818.
	Batch loss is 0.9133618474006653.
	Batch loss is 0.9337124824523926.

	Batch score is 0.16340062022209167.
	Batch score is 0.10520980507135391.
	Batch score is 0.18829120695590973.
	Batch score is 0.07440336048603058.
	Batch score is 0.05100693926215172.

The average training loss was 0.8695034861564637.
The average training score was 0.11646238639950753.

	---Testing-------------

	Batch score is 0.2380349338054657.
	Batch score is 0.4347447156906128.

The average testing score was 0.33638982474803925.

-------Epoch 8-------
204856 Aldebaran Mecca started epoch 8.

	---Training-------------

	Batch loss is 0.8060677647590637.
	Batch loss is 0.8837624192237854.
	Batch loss is 0.8041832447052002.
	Batch loss is 0.9116918444633484.
	Batch loss is 0.9319683909416199.

	Batch score is 0.1743665337562561.
	Batch score is 0.11247353255748749.
	Batch score is 0.2002095878124237.
	Batch score is 0.08049864321947098.
	Batch score is 0.055295754224061966.

The average training loss was 0.8675347328186035.
The average training score was 0.12456881031394004.

	---Testing-------------

	Batch score is 0.24852906167507172.
	Batch score is 0.4201386272907257.

The average testing score was 0.3343338444828987.

-------Epoch 9-------
204911 Aldebaran Mecca started epoch 9.

	---Training-------------

	Batch loss is 0.8040801882743835.
	Batch loss is 0.8821357488632202.
	Batch loss is 0.8025252223014832.
	Batch loss is 0.9102901816368103.
	Batch loss is 0.9307112693786621.

	Batch score is 0.18497133255004883.
	Batch score is 0.11988843232393265.
	Batch score is 0.21338112652301788.
	Batch score is 0.08749783784151077.
	Batch score is 0.059716079384088516.

The average training loss was 0.8659485220909119.
The average training score was 0.13309096172451973.

	---Testing-------------

	Batch score is 0.24017563462257385.
	Batch score is 0.3833358585834503.

The average testing score was 0.3117557466030121.

-------Epoch 10-------
204925 Aldebaran Mecca started epoch 10.

	---Training-------------

	Batch loss is 0.8020405173301697.
	Batch loss is 0.8808736801147461.
	Batch loss is 0.8005368709564209.
	Batch loss is 0.909213125705719.
	Batch loss is 0.9299222826957703.

	Batch score is 0.19954662024974823.
	Batch score is 0.1296040564775467.
	Batch score is 0.23245438933372498.
	Batch score is 0.09542053937911987.
	Batch score is 0.06330161541700363.

The average training loss was 0.8645172953605652.
The average training score was 0.1440654441714287.

	---Testing-------------

	Batch score is 0.22862538695335388.
	Batch score is 0.3565768301486969.

The average testing score was 0.2926011085510254.

-------Epoch 11-------
204940 Aldebaran Mecca started epoch 11.

	---Training-------------

	Batch loss is 0.7998989224433899.
	Batch loss is 0.8797740340232849.
	Batch loss is 0.7986225485801697.
	Batch loss is 0.9082548022270203.
	Batch loss is 0.929141104221344.

	Batch score is 0.21970734000205994.
	Batch score is 0.14105737209320068.
	Batch score is 0.2539370656013489.
	Batch score is 0.1043756976723671.
	Batch score is 0.06730551272630692.

The average training loss was 0.8631382822990418.
The average training score was 0.1572765976190567.

	---Testing-------------

	Batch score is 0.22671693563461304.
	Batch score is 0.346927672624588.

The average testing score was 0.2868223041296005.

-------Epoch 12-------
204955 Aldebaran Mecca started epoch 12.

	---Training-------------

	Batch loss is 0.7980703115463257.
	Batch loss is 0.8786356449127197.
	Batch loss is 0.7970958948135376.
	Batch loss is 0.9072864055633545.
	Batch loss is 0.9282172322273254.

	Batch score is 0.24062348902225494.
	Batch score is 0.15276627242565155.
	Batch score is 0.27498963475227356.
	Batch score is 0.11445754021406174.
	Batch score is 0.07244773209095001.

The average training loss was 0.8618610978126526.
The average training score was 0.17105693370103836.

	---Testing-------------

	Batch score is 0.23159776628017426.
	Batch score is 0.34945833683013916.

The average testing score was 0.2905280515551567.

-------Epoch 13-------
205010 Aldebaran Mecca started epoch 13.

	---Training-------------

	Batch loss is 0.7965318560600281.
	Batch loss is 0.8774960041046143.
	Batch loss is 0.7957808375358582.
	Batch loss is 0.9063835740089417.
	Batch loss is 0.9273762702941895.

	Batch score is 0.2619801461696625.
	Batch score is 0.16458307206630707.
	Batch score is 0.295306921005249.
	Batch score is 0.1252356320619583.
	Batch score is 0.07794957607984543.

The average training loss was 0.8607137084007264.
The average training score was 0.18501106947660445.

	---Testing-------------

	Batch score is 0.23629868030548096.
	Batch score is 0.35696181654930115.

The average testing score was 0.29663024842739105.

-------Epoch 14-------
205024 Aldebaran Mecca started epoch 14.

	---Training-------------

	Batch loss is 0.7950795888900757.
	Batch loss is 0.8764782547950745.
	Batch loss is 0.7944392561912537.
	Batch loss is 0.9056019186973572.
	Batch loss is 0.9267192482948303.

	Batch score is 0.2851831912994385.
	Batch score is 0.17692553997039795.
	Batch score is 0.3168165981769562.
	Batch score is 0.13638584315776825.
	Batch score is 0.08254843205213547.

The average training loss was 0.8596636533737183.
The average training score was 0.19957192093133927.

	---Testing-------------

	Batch score is 0.23945941030979156.
	Batch score is 0.3680184781551361.

The average testing score was 0.30373894423246384.

-------Epoch 15-------
205039 Aldebaran Mecca started epoch 15.

	---Training-------------

	Batch loss is 0.7936184406280518.
	Batch loss is 0.8755857348442078.
	Batch loss is 0.7930550575256348.
	Batch loss is 0.9049013257026672.
	Batch loss is 0.9261471629142761.

	Batch score is 0.309543251991272.
	Batch score is 0.1893829107284546.
	Batch score is 0.337938129901886.
	Batch score is 0.14734689891338348.
	Batch score is 0.08664823323488235.

The average training loss was 0.8586615443229675.
The average training score was 0.21417188495397568.

	---Testing-------------

	Batch score is 0.24456441402435303.
	Batch score is 0.3819504976272583.

The average testing score was 0.31325745582580566.

-------Epoch 16-------
205054 Aldebaran Mecca started epoch 16.

	---Training-------------

	Batch loss is 0.7922314405441284.
	Batch loss is 0.8747456073760986.
	Batch loss is 0.7917294502258301.
	Batch loss is 0.9042174816131592.
	Batch loss is 0.9255619049072266.

	Batch score is 0.3345087766647339.
	Batch score is 0.2009890228509903.
	Batch score is 0.35768043994903564.
	Batch score is 0.15827086567878723.
	Batch score is 0.09095820039510727.

The average training loss was 0.8576971769332886.
The average training score was 0.22848146110773088.

	---Testing-------------

	Batch score is 0.2523338794708252.
	Batch score is 0.3994854688644409.

The average testing score was 0.32590967416763306.

-------Epoch 17-------
205108 Aldebaran Mecca started epoch 17.

	---Training-------------

	Batch loss is 0.7909594178199768.
	Batch loss is 0.8739163875579834.
	Batch loss is 0.7904659509658813.
	Batch loss is 0.9035362005233765.
	Batch loss is 0.9249725937843323.

	Batch score is 0.3581022620201111.
	Batch score is 0.21142464876174927.
	Batch score is 0.37625283002853394.
	Batch score is 0.16873310506343842.
	Batch score is 0.09534605592489243.

The average training loss was 0.85677011013031.
The average training score was 0.24197178035974504.

	---Testing-------------

	Batch score is 0.2606232762336731.
	Batch score is 0.4159584641456604.

The average testing score was 0.33829087018966675.

-------Epoch 18-------
205123 Aldebaran Mecca started epoch 18.

	---Training-------------

	Batch loss is 0.7897493839263916.
	Batch loss is 0.873103678226471.
	Batch loss is 0.7892010807991028.
	Batch loss is 0.9028676152229309.
	Batch loss is 0.9244174361228943.

	Batch score is 0.3797677159309387.
	Batch score is 0.22154571115970612.
	Batch score is 0.3933994174003601.
	Batch score is 0.17868070304393768.
	Batch score is 0.09962565451860428.

The average training loss was 0.8558678388595581.
The average training score was 0.2546038404107094.

	---Testing-------------

	Batch score is 0.2678350806236267.
	Batch score is 0.4294580817222595.

The average testing score was 0.3486465811729431.

-------Epoch 19-------
205137 Aldebaran Mecca started epoch 19.

	---Training-------------

	Batch loss is 0.7885395288467407.
	Batch loss is 0.8723154664039612.
	Batch loss is 0.7878819704055786.
	Batch loss is 0.9022115468978882.
	Batch loss is 0.923905074596405.

	Batch score is 0.4003813564777374.
	Batch score is 0.23070351779460907.
	Batch score is 0.4084620177745819.
	Batch score is 0.18811583518981934.
	Batch score is 0.10318011045455933.

The average training loss was 0.8549707174301148.
The average training score was 0.2661685675382614.

	---Testing-------------

	Batch score is 0.27391374111175537.
	Batch score is 0.44153299927711487.

The average testing score was 0.3577233701944351.

-------Epoch 20-------
205152 Aldebaran Mecca started epoch 20.

	---Training-------------

	Batch loss is 0.7873077392578125.
	Batch loss is 0.8715358972549438.
	Batch loss is 0.7865064740180969.
	Batch loss is 0.9015477895736694.
	Batch loss is 0.9234018921852112.

	Batch score is 0.4201904833316803.
	Batch score is 0.23968973755836487.
	Batch score is 0.4230616092681885.
	Batch score is 0.1968497782945633.
	Batch score is 0.1065356433391571.

The average training loss was 0.8540599584579468.
The average training score was 0.2772654503583908.

	---Testing-------------

	Batch score is 0.2798977196216583.
	Batch score is 0.45408549904823303.

The average testing score was 0.3669916093349457.

205207 Aldebaran Mecca is done training.
Saving model.
models/190713_204710_model.pt