McFarland Everglade strated training.
Model is UU3d.
Resolution is 32.
NumEpochs is 20.
Batch Length is 8.
Learning rate is 1.0.
Momentum is 0.9.
Valid/Train ratio is 0.25.
Data path is ignore/data/numpyData32.

205833 McFarland Everglade is loading data.
	There are 50 images in total.
	There are 38 training images, and 12 validation images.
205833 Data is loaded.

205833 Model UU3d was initialized from scratch.
	Optimizer SGD with learning rate 1.0 and momentum 0.9.
	Loss and Score are IoU.

All right, let's do this.

-------Epoch 1-------
205833 McFarland Everglade started epoch 1.

	---Training-------------

	Batch loss is 0.9354140162467957.
	Batch loss is 0.8765276670455933.
	Batch loss is 0.8828753232955933.
	Batch loss is 0.8404089212417603.
	Batch loss is 0.8831508159637451.

	Batch score is 0.02866615727543831.
	Batch score is 0.07611971348524094.
	Batch score is 0.08718214184045792.
	Batch score is 0.25187212228775024.
	Batch score is 0.2673587501049042.

The average training loss was 0.8836753487586975.
The average training score was 0.1422397769987583.

	---Testing-------------

	Batch score is 0.2893815338611603.
	Batch score is 0.6025523543357849.

The average testing score was 0.4459669440984726.

-------Epoch 2-------
205849 McFarland Everglade started epoch 2.

	---Training-------------

	Batch loss is 0.8957828879356384.
	Batch loss is 0.818928062915802.
	Batch loss is 0.8267368674278259.
	Batch loss is 0.7803201675415039.
	Batch loss is 0.8410189747810364.

	Batch score is 0.23598866164684296.
	Batch score is 0.38343361020088196.
	Batch score is 0.4341118037700653.
	Batch score is 0.4644378423690796.
	Batch score is 0.33004000782966614.

The average training loss was 0.8325573921203613.
The average training score was 0.3696023851633072.

	---Testing-------------

	Batch score is 0.0360715314745903.
	Batch score is 0.1149832010269165.

The average testing score was 0.0755273662507534.

-------Epoch 3-------
205904 McFarland Everglade started epoch 3.

	---Training-------------

	Batch loss is 0.856229305267334.
	Batch loss is 0.7137376070022583.
	Batch loss is 0.6124191284179688.
	Batch loss is 0.39214828610420227.
	Batch loss is 0.6133691668510437.

	Batch score is 0.3267199397087097.
	Batch score is 0.5380260944366455.
	Batch score is 0.48996680974960327.
	Batch score is 0.5480576753616333.
	Batch score is 0.3500325381755829.

The average training loss was 0.6375806987285614.
The average training score was 0.45056061148643495.

	---Testing-------------

	Batch score is 0.2876468896865845.
	Batch score is 0.6057760119438171.

The average testing score was 0.4467114508152008.

-------Epoch 4-------
205919 McFarland Everglade started epoch 4.

	---Training-------------

	Batch loss is 0.555989146232605.
	Batch loss is 0.4190105199813843.
	Batch loss is 0.3069365620613098.
	Batch loss is 0.42887091636657715.
	Batch loss is 0.42041268944740295.

	Batch score is 0.4058372378349304.
	Batch score is 0.5478494763374329.
	Batch score is 0.6594849228858948.
	Batch score is 0.564406156539917.
	Batch score is 0.5392242074012756.

The average training loss was 0.4262439668178558.
The average training score was 0.5433604001998902.

	---Testing-------------

	Batch score is 0.02648809738457203.
	Batch score is 0.0911165103316307.

The average testing score was 0.05880230385810137.

-------Epoch 5-------
205935 McFarland Everglade started epoch 5.

	---Training-------------

	Batch loss is 0.4872729182243347.
	Batch loss is 0.4006003737449646.
	Batch loss is 0.3050401210784912.
	Batch loss is 0.4081357717514038.
	Batch loss is 0.34401822090148926.

	Batch score is 0.4720117151737213.
	Batch score is 0.5852729678153992.
	Batch score is 0.6804279088973999.
	Batch score is 0.5912799835205078.
	Batch score is 0.6195239424705505.

The average training loss was 0.38901348114013673.
The average training score was 0.5897033035755157.

	---Testing-------------

	Batch score is 0.03467767685651779.
	Batch score is 0.11039478331804276.

The average testing score was 0.07253623008728027.

-------Epoch 6-------
205951 McFarland Everglade started epoch 6.

	---Training-------------

	Batch loss is 0.44721531867980957.
	Batch loss is 0.33588266372680664.
	Batch loss is 0.27808326482772827.
	Batch loss is 0.3456069827079773.
	Batch loss is 0.32231584191322327.

	Batch score is 0.5096416473388672.
	Batch score is 0.6407560706138611.
	Batch score is 0.689502477645874.
	Batch score is 0.641441285610199.
	Batch score is 0.6498144865036011.

The average training loss was 0.345820814371109.
The average training score was 0.6262311935424805.

	---Testing-------------

	Batch score is 0.05494141951203346.
	Batch score is 0.15287832915782928.

The average testing score was 0.10390987433493137.

-------Epoch 7-------
210006 McFarland Everglade started epoch 7.

	---Training-------------

	Batch loss is 0.36738476157188416.
	Batch loss is 0.37697315216064453.
	Batch loss is 0.2703346014022827.
	Batch loss is 0.34562012553215027.
	Batch loss is 0.2748812139034271.

	Batch score is 0.5956551432609558.
	Batch score is 0.6141356229782104.
	Batch score is 0.7041525840759277.
	Batch score is 0.6548152565956116.
	Batch score is 0.694049060344696.

The average training loss was 0.32703877091407774.
The average training score was 0.6525615334510804.

	---Testing-------------

	Batch score is 0.056115321815013885.
	Batch score is 0.16800038516521454.

The average testing score was 0.11205785349011421.

-------Epoch 8-------
210022 McFarland Everglade started epoch 8.

	---Training-------------

	Batch loss is 0.39316052198410034.
	Batch loss is 0.3134304881095886.
	Batch loss is 0.24502907693386078.
	Batch loss is 0.2943211793899536.
	Batch loss is 0.2564377784729004.

	Batch score is 0.5627420544624329.
	Batch score is 0.6645863652229309.
	Batch score is 0.726112961769104.
	Batch score is 0.6983206868171692.
	Batch score is 0.7156531810760498.

The average training loss was 0.30047580897808074.
The average training score was 0.6734830498695373.

	---Testing-------------

	Batch score is 0.11369255930185318.
	Batch score is 0.3303202688694.

The average testing score was 0.2220064140856266.

-------Epoch 9-------
210037 McFarland Everglade started epoch 9.

	---Training-------------

	Batch loss is 0.34765174984931946.
	Batch loss is 0.2861115038394928.
	Batch loss is 0.22513729333877563.
	Batch loss is 0.3149619400501251.
	Batch loss is 0.2335193157196045.

	Batch score is 0.6168187856674194.
	Batch score is 0.6962172985076904.
	Batch score is 0.7569112777709961.
	Batch score is 0.6846209764480591.
	Batch score is 0.7414509654045105.

The average training loss was 0.2814763605594635.
The average training score was 0.6992038607597351.

	---Testing-------------

	Batch score is 0.0976446270942688.
	Batch score is 0.3029828667640686.

The average testing score was 0.2003137469291687.

-------Epoch 10-------
210053 McFarland Everglade started epoch 10.

	---Training-------------

	Batch loss is 0.3566417694091797.
	Batch loss is 0.2896120250225067.
	Batch loss is 0.2238343060016632.
	Batch loss is 0.2680836617946625.
	Batch loss is 0.23141275346279144.

	Batch score is 0.6016953587532043.
	Batch score is 0.6920130252838135.
	Batch score is 0.7433949112892151.
	Batch score is 0.715739369392395.
	Batch score is 0.7320405840873718.

The average training loss was 0.2739169031381607.
The average training score was 0.6969766497612.

	---Testing-------------

	Batch score is 0.34239161014556885.
	Batch score is 0.5691834688186646.

The average testing score was 0.4557875394821167.

-------Epoch 11-------
210108 McFarland Everglade started epoch 11.

	---Training-------------

	Batch loss is 0.33092209696769714.
	Batch loss is 0.3055398762226105.
	Batch loss is 0.22348704934120178.
	Batch loss is 0.28981444239616394.
	Batch loss is 0.2498718947172165.

	Batch score is 0.6335402727127075.
	Batch score is 0.6839495897293091.
	Batch score is 0.7605605721473694.
	Batch score is 0.7037712335586548.
	Batch score is 0.7309033870697021.

The average training loss was 0.279927071928978.
The average training score was 0.7025450110435486.

	---Testing-------------

	Batch score is 0.1976134479045868.
	Batch score is 0.47079217433929443.

The average testing score was 0.3342028111219406.

-------Epoch 12-------
210124 McFarland Everglade started epoch 12.

	---Training-------------

	Batch loss is 0.3456975519657135.
	Batch loss is 0.27195626497268677.
	Batch loss is 0.2033260464668274.
	Batch loss is 0.243994802236557.
	Batch loss is 0.22215096652507782.

	Batch score is 0.6159325838088989.
	Batch score is 0.7030024528503418.
	Batch score is 0.7677762508392334.
	Batch score is 0.7416738271713257.
	Batch score is 0.744509220123291.

The average training loss was 0.2574251264333725.
The average training score was 0.7145788669586182.

	---Testing-------------

	Batch score is 0.4281313121318817.
	Batch score is 0.6278618574142456.

The average testing score was 0.5279965847730637.

-------Epoch 13-------
210140 McFarland Everglade started epoch 13.

	---Training-------------

	Batch loss is 0.3147711455821991.
	Batch loss is 0.30033043026924133.
	Batch loss is 0.19619163870811462.
	Batch loss is 0.25472402572631836.
	Batch loss is 0.25450992584228516.

	Batch score is 0.6500932574272156.
	Batch score is 0.6887872219085693.
	Batch score is 0.7891994118690491.
	Batch score is 0.7396402955055237.
	Batch score is 0.7097482085227966.

The average training loss was 0.26410543322563174.
The average training score was 0.7154936790466309.

	---Testing-------------

	Batch score is 0.3979794681072235.
	Batch score is 0.5987755060195923.

The average testing score was 0.4983774870634079.

-------Epoch 14-------
210156 McFarland Everglade started epoch 14.

	---Training-------------

	Batch loss is 0.3511715531349182.
	Batch loss is 0.26941704750061035.
	Batch loss is 0.19931310415267944.
	Batch loss is 0.2622285485267639.
	Batch loss is 0.23451034724712372.

	Batch score is 0.6018423438072205.
	Batch score is 0.7122833132743835.
	Batch score is 0.7717640399932861.
	Batch score is 0.7286133766174316.
	Batch score is 0.7458131313323975.

The average training loss was 0.26332812011241913.
The average training score was 0.7120632410049439.

	---Testing-------------

	Batch score is 0.45334845781326294.
	Batch score is 0.6261544227600098.

The average testing score was 0.5397514402866364.

-------Epoch 15-------
210212 McFarland Everglade started epoch 15.

	---Training-------------

	Batch loss is 0.3107345402240753.
	Batch loss is 0.2518826723098755.
	Batch loss is 0.19107261300086975.
	Batch loss is 0.23774676024913788.
	Batch loss is 0.2022089958190918.

	Batch score is 0.647476077079773.
	Batch score is 0.7288036942481995.
	Batch score is 0.7776427268981934.
	Batch score is 0.7516485452651978.
	Batch score is 0.7683817744255066.

The average training loss was 0.23872911632061006.
The average training score was 0.734790563583374.

	---Testing-------------

	Batch score is 0.5165525078773499.
	Batch score is 0.6448957920074463.

The average testing score was 0.5807241499423981.

-------Epoch 16-------
210227 McFarland Everglade started epoch 16.

	---Training-------------

	Batch loss is 0.2907569706439972.
	Batch loss is 0.20789241790771484.
	Batch loss is 0.16171225905418396.
	Batch loss is 0.23457419872283936.
	Batch loss is 0.18780143558979034.

	Batch score is 0.6686741709709167.
	Batch score is 0.7675559520721436.
	Batch score is 0.8148531317710876.
	Batch score is 0.7522582411766052.
	Batch score is 0.7743814587593079.

The average training loss was 0.21654745638370515.
The average training score was 0.7555445909500123.

	---Testing-------------

	Batch score is 0.4786281883716583.
	Batch score is 0.6394432783126831.

The average testing score was 0.5590357333421707.

-------Epoch 17-------
210243 McFarland Everglade started epoch 17.

	---Training-------------

	Batch loss is 0.29326462745666504.
	Batch loss is 0.17711427807807922.
	Batch loss is 0.1484813690185547.
	Batch loss is 0.21560649573802948.
	Batch loss is 0.17503738403320312.

	Batch score is 0.6592020988464355.
	Batch score is 0.7996425032615662.
	Batch score is 0.8287993669509888.
	Batch score is 0.7751646041870117.
	Batch score is 0.7831687927246094.

The average training loss was 0.20190083086490632.
The average training score was 0.7691954731941223.

	---Testing-------------

	Batch score is 0.487868070602417.
	Batch score is 0.6496468782424927.

The average testing score was 0.5687574744224548.

-------Epoch 18-------
210258 McFarland Everglade started epoch 18.

	---Training-------------

	Batch loss is 0.25699666142463684.
	Batch loss is 0.18899773061275482.
	Batch loss is 0.15031807124614716.
	Batch loss is 0.19064447283744812.
	Batch loss is 0.18240314722061157.

	Batch score is 0.686839759349823.
	Batch score is 0.7978957295417786.
	Batch score is 0.819699764251709.
	Batch score is 0.7919234037399292.
	Batch score is 0.7791292071342468.

The average training loss was 0.1938720166683197.
The average training score was 0.7750975728034973.

	---Testing-------------

	Batch score is 0.5075771808624268.
	Batch score is 0.6584765911102295.

The average testing score was 0.5830268859863281.

-------Epoch 19-------
210314 McFarland Everglade started epoch 19.

	---Training-------------

	Batch loss is 0.2777238190174103.
	Batch loss is 0.1744210124015808.
	Batch loss is 0.1511366069316864.
	Batch loss is 0.26183998584747314.
	Batch loss is 0.17822062969207764.

	Batch score is 0.6611497402191162.
	Batch score is 0.7943709492683411.
	Batch score is 0.8272879123687744.
	Batch score is 0.7365067005157471.
	Batch score is 0.777209997177124.

The average training loss was 0.20866841077804565.
The average training score was 0.7593050599098206.

	---Testing-------------

	Batch score is 0.4654353857040405.
	Batch score is 0.6717044711112976.

The average testing score was 0.5685699284076691.

-------Epoch 20-------
210329 McFarland Everglade started epoch 20.

	---Training-------------

	Batch loss is 0.28045475482940674.
	Batch loss is 0.20336128771305084.
	Batch loss is 0.14468595385551453.
	Batch loss is 0.22350093722343445.
	Batch loss is 0.18047992885112762.

	Batch score is 0.6601533889770508.
	Batch score is 0.7717729806900024.
	Batch score is 0.8310834169387817.
	Batch score is 0.7637888193130493.
	Batch score is 0.7951856255531311.

The average training loss was 0.20649657249450684.
The average training score was 0.7643968462944031.

	---Testing-------------

	Batch score is 0.3861638009548187.
	Batch score is 0.6329569816589355.

The average testing score was 0.5095603913068771.

210344 McFarland Everglade is done training.
Saving model.
models/190713_205827_model.pt