Rae Halverson strated training.
Model is ConvSeq.
Resolution is 32.
Loss is iou.
Score is iou.
NumEpochs is 4.
Batch Length is 8.
Optimizer is SGD.
Learning rate is 0.01.
Momentum is 0.9.
Valid/Train ratio is 0.25.
Data path is /rsrch1/ip/jrcalabrese/numpyData32.

112801 Rae Halverson is loading data using the brats3dDataset class.
	There are 484 images in total.
	There are 363 training images, and 121 validation images.
112801 Data is loaded.

112811 Model ConvSeq was initialized from scratch.
	Optimizer SGD with learning rate 0.01 and momentum 0.9.
	Loss and Score are IoU.

All right, let's do this.

-------Epoch 1-------
112811 Rae Halverson started epoch 1.

	---Training-------------

	Batch loss is 0.9155337810516357.
	Batch loss is 0.9008793830871582.
	Batch loss is 0.8929812908172607.
	Batch loss is 0.891869068145752.
	Batch loss is 0.8927018642425537.
	Batch loss is 0.929673969745636.
	Batch loss is 0.8713264465332031.
	Batch loss is 0.933961033821106.
	Batch loss is 0.8942327499389648.
	Batch loss is 0.8944934606552124.
	Batch loss is 0.9050939083099365.
	Batch loss is 0.8998239040374756.
	Batch loss is 0.8615348935127258.
	Batch loss is 0.8336731195449829.
	Batch loss is 0.8814857006072998.
	Batch loss is 0.8692905902862549.
	Batch loss is 0.9131234288215637.
	Batch loss is 0.8966304659843445.
	Batch loss is 0.8203017115592957.
	Batch loss is 0.9236817955970764.
	Batch loss is 0.8582164645195007.
	Batch loss is 0.8671208024024963.
	Batch loss is 0.9009311199188232.
	Batch loss is 0.8667970895767212.
	Batch loss is 0.8748969435691833.
	Batch loss is 0.9086388945579529.
	Batch loss is 0.8708385229110718.
	Batch loss is 0.8333549499511719.
	Batch loss is 0.9046982526779175.
	Batch loss is 0.879768967628479.
	Batch loss is 0.9395443797111511.
	Batch loss is 0.8527981638908386.
	Batch loss is 0.8968583345413208.
	Batch loss is 0.8833714723587036.
	Batch loss is 0.8396196365356445.
	Batch loss is 0.9121201634407043.
	Batch loss is 0.9006044268608093.
	Batch loss is 0.8541651964187622.
	Batch loss is 0.818710446357727.
	Batch loss is 0.7886621356010437.
	Batch loss is 0.8489806056022644.
	Batch loss is 0.8537505865097046.
	Batch loss is 0.8244451284408569.
	Batch loss is 0.824222207069397.
	Batch loss is 0.7985749244689941.
	Batch loss is 0.8585526943206787.

	Batch score is 0.02816828340291977.
	Batch score is 0.03953677788376808.
	Batch score is 0.05801546573638916.
	Batch score is 0.087679922580719.
	Batch score is 0.10427635908126831.
	Batch score is 0.08836285769939423.
	Batch score is 0.15038082003593445.
	Batch score is 0.06308823078870773.
	Batch score is 0.1986270397901535.
	Batch score is 0.183740496635437.
	Batch score is 0.15314644575119019.
	Batch score is 0.15086406469345093.
	Batch score is 0.25084251165390015.
	Batch score is 0.1961059272289276.
	Batch score is 0.27033451199531555.
	Batch score is 0.21345852315425873.
	Batch score is 0.14957654476165771.
	Batch score is 0.18209341168403625.
	Batch score is 0.35473138093948364.
	Batch score is 0.18314531445503235.
	Batch score is 0.2978192865848541.
	Batch score is 0.29786214232444763.
	Batch score is 0.20429402589797974.
	Batch score is 0.26553407311439514.
	Batch score is 0.2685905992984772.
	Batch score is 0.14638197422027588.
	Batch score is 0.39720597863197327.
	Batch score is 0.42350947856903076.
	Batch score is 0.24631795287132263.
	Batch score is 0.28543394804000854.
	Batch score is 0.09888781607151031.
	Batch score is 0.34035956859588623.
	Batch score is 0.2733968198299408.
	Batch score is 0.29633259773254395.
	Batch score is 0.27355700731277466.
	Batch score is 0.1516515016555786.
	Batch score is 0.26944711804389954.
	Batch score is 0.36037883162498474.
	Batch score is 0.33481156826019287.
	Batch score is 0.4327329695224762.
	Batch score is 0.39109164476394653.
	Batch score is 0.38303130865097046.
	Batch score is 0.4484226405620575.
	Batch score is 0.4801851511001587.
	Batch score is 0.5235181450843811.
	Batch score is 0.2719340920448303.

The average training loss was 0.8757072842639425.
The average training score was 0.244975285442627.

	---Testing-------------

	Batch score is 0.3465648889541626.
	Batch score is 0.3789574205875397.
	Batch score is 0.5826402902603149.
	Batch score is 0.40938106179237366.
	Batch score is 0.5094504356384277.
	Batch score is 0.36501345038414.
	Batch score is 0.2847023606300354.
	Batch score is 0.33690884709358215.
	Batch score is 0.21844129264354706.
	Batch score is 0.28105002641677856.
	Batch score is 0.3283054232597351.
	Batch score is 0.34156957268714905.
	Batch score is 0.3535347580909729.
	Batch score is 0.4640462100505829.
	Batch score is 0.25508418679237366.
	Batch score is 0.018431132659316063.

The average testing score was 0.34213008487131447.

-------Epoch 2-------
112826 Rae Halverson started epoch 2.

	---Training-------------

	Batch loss is 0.8487802147865295.
	Batch loss is 0.822787880897522.
	Batch loss is 0.818426251411438.
	Batch loss is 0.8391715884208679.
	Batch loss is 0.8200901746749878.
	Batch loss is 0.8934683203697205.
	Batch loss is 0.7909752130508423.
	Batch loss is 0.9069932699203491.
	Batch loss is 0.8341317772865295.
	Batch loss is 0.8288648724555969.
	Batch loss is 0.8473151326179504.
	Batch loss is 0.8453177213668823.
	Batch loss is 0.7774972915649414.
	Batch loss is 0.746177077293396.
	Batch loss is 0.8090934753417969.
	Batch loss is 0.7956992387771606.
	Batch loss is 0.8551532626152039.
	Batch loss is 0.8339342474937439.
	Batch loss is 0.7257633209228516.
	Batch loss is 0.8722784519195557.
	Batch loss is 0.7735795974731445.
	Batch loss is 0.7812712788581848.
	Batch loss is 0.8432917594909668.
	Batch loss is 0.7925888299942017.
	Batch loss is 0.7944861054420471.
	Batch loss is 0.8634219169616699.
	Batch loss is 0.7705311179161072.
	Batch loss is 0.7250196933746338.
	Batch loss is 0.8407487869262695.
	Batch loss is 0.7962908744812012.
	Batch loss is 0.8921128511428833.
	Batch loss is 0.7637549638748169.
	Batch loss is 0.8203287124633789.
	Batch loss is 0.8042505979537964.
	Batch loss is 0.7634632587432861.
	Batch loss is 0.8527235388755798.
	Batch loss is 0.8264545202255249.
	Batch loss is 0.7538937926292419.
	Batch loss is 0.7180502414703369.
	Batch loss is 0.659866213798523.
	Batch loss is 0.7540988922119141.
	Batch loss is 0.7452484369277954.
	Batch loss is 0.7083743214607239.
	Batch loss is 0.7007955312728882.
	Batch loss is 0.6591582298278809.
	Batch loss is 0.7811724543571472.

	Batch score is 0.37994784116744995.
	Batch score is 0.37678876519203186.
	Batch score is 0.3736459016799927.
	Batch score is 0.2443353235721588.
	Batch score is 0.3871246874332428.
	Batch score is 0.27608540654182434.
	Batch score is 0.4497511386871338.
	Batch score is 0.1092892438173294.
	Batch score is 0.33565691113471985.
	Batch score is 0.42562660574913025.
	Batch score is 0.3707554042339325.
	Batch score is 0.2585947513580322.
	Batch score is 0.44497841596603394.
	Batch score is 0.47510960698127747.
	Batch score is 0.48189640045166016.
	Batch score is 0.46151793003082275.
	Batch score is 0.28608381748199463.
	Batch score is 0.3005494475364685.
	Batch score is 0.49253591895103455.
	Batch score is 0.2867205739021301.
	Batch score is 0.4395599365234375.
	Batch score is 0.42545628547668457.
	Batch score is 0.2840108275413513.
	Batch score is 0.3907797634601593.
	Batch score is 0.33233368396759033.
	Batch score is 0.19985157251358032.
	Batch score is 0.4242996573448181.
	Batch score is 0.5016275644302368.
	Batch score is 0.32428300380706787.
	Batch score is 0.4418453276157379.
	Batch score is 0.22179268300533295.
	Batch score is 0.47061312198638916.
	Batch score is 0.2822350263595581.
	Batch score is 0.3046259582042694.
	Batch score is 0.2955762445926666.
	Batch score is 0.2689507305622101.
	Batch score is 0.3506874442100525.
	Batch score is 0.41013720631599426.
	Batch score is 0.33077454566955566.
	Batch score is 0.5064550638198853.
	Batch score is 0.4333367943763733.
	Batch score is 0.37233656644821167.
	Batch score is 0.5029458403587341.
	Batch score is 0.4774683713912964.
	Batch score is 0.534607470035553.
	Batch score is 0.2663518786430359.

The average training loss was 0.797758593507435.
The average training score was 0.36978123175061267.

	---Testing-------------

	Batch score is 0.27028748393058777.
	Batch score is 0.36089080572128296.
	Batch score is 0.3916112184524536.
	Batch score is 0.45393091440200806.
	Batch score is 0.3651649057865143.
	Batch score is 0.41148385405540466.
	Batch score is 0.3597314953804016.
	Batch score is 0.3382227122783661.
	Batch score is 0.13454002141952515.
	Batch score is 0.1762295663356781.
	Batch score is 0.1971387267112732.
	Batch score is 0.3700811564922333.
	Batch score is 0.3080402612686157.
	Batch score is 0.36035746335983276.
	Batch score is 0.2403406798839569.
	Batch score is 0.01701996847987175.

The average testing score was 0.29719195212237537.

-------Epoch 3-------
112833 Rae Halverson started epoch 3.

	---Training-------------

	Batch loss is 0.743527352809906.
	Batch loss is 0.7164019346237183.
	Batch loss is 0.6901921033859253.
	Batch loss is 0.7550513744354248.
	Batch loss is 0.7132828235626221.
	Batch loss is 0.7956897020339966.
	Batch loss is 0.6495689153671265.
	Batch loss is 0.8692944049835205.
	Batch loss is 0.7410191297531128.
	Batch loss is 0.7101796865463257.
	Batch loss is 0.7230280637741089.
	Batch loss is 0.7486402988433838.
	Batch loss is 0.6408555507659912.
	Batch loss is 0.6167474985122681.
	Batch loss is 0.6669782400131226.
	Batch loss is 0.6522294878959656.
	Batch loss is 0.7583932876586914.
	Batch loss is 0.7112007737159729.
	Batch loss is 0.5753815174102783.
	Batch loss is 0.7757174968719482.
	Batch loss is 0.609583854675293.
	Batch loss is 0.6392343044281006.
	Batch loss is 0.7401760816574097.
	Batch loss is 0.6550881862640381.
	Batch loss is 0.6837581396102905.
	Batch loss is 0.7771985530853271.
	Batch loss is 0.6206209659576416.
	Batch loss is 0.5646427273750305.
	Batch loss is 0.7220028638839722.
	Batch loss is 0.6482957601547241.
	Batch loss is 0.7919878363609314.
	Batch loss is 0.6174805164337158.
	Batch loss is 0.7175244092941284.
	Batch loss is 0.7131584882736206.
	Batch loss is 0.6697571873664856.
	Batch loss is 0.7531927227973938.
	Batch loss is 0.6785793304443359.
	Batch loss is 0.6103295087814331.
	Batch loss is 0.564489483833313.
	Batch loss is 0.5099276900291443.
	Batch loss is 0.6784259080886841.
	Batch loss is 0.5989146828651428.
	Batch loss is 0.5322194695472717.
	Batch loss is 0.5530195832252502.
	Batch loss is 0.4926562011241913.
	Batch loss is 0.6776913404464722.

	Batch score is 0.4485107362270355.
	Batch score is 0.4268980026245117.
	Batch score is 0.4640408754348755.
	Batch score is 0.31745418906211853.
	Batch score is 0.44369328022003174.
	Batch score is 0.3414209485054016.
	Batch score is 0.5166112184524536.
	Batch score is 0.15141785144805908.
	Batch score is 0.35267388820648193.
	Batch score is 0.40976929664611816.
	Batch score is 0.42267322540283203.
	Batch score is 0.3417050242424011.
	Batch score is 0.5286118388175964.
	Batch score is 0.4969002604484558.
	Batch score is 0.46928495168685913.
	Batch score is 0.5172439217567444.
	Batch score is 0.302970826625824.
	Batch score is 0.40493538975715637.
	Batch score is 0.5602611899375916.
	Batch score is 0.2999896705150604.
	Batch score is 0.5732678174972534.
	Batch score is 0.4930742681026459.
	Batch score is 0.30617207288742065.
	Batch score is 0.4483131170272827.
	Batch score is 0.37904617190361023.
	Batch score is 0.23399898409843445.
	Batch score is 0.5229905843734741.
	Batch score is 0.5445916056632996.
	Batch score is 0.38725730776786804.
	Batch score is 0.5198652744293213.
	Batch score is 0.32905781269073486.
	Batch score is 0.5114378929138184.
	Batch score is 0.339298814535141.
	Batch score is 0.3342219591140747.
	Batch score is 0.38016071915626526.
	Batch score is 0.33844640851020813.
	Batch score is 0.5003937482833862.
	Batch score is 0.4672161936759949.
	Batch score is 0.4752553701400757.
	Batch score is 0.5606390833854675.
	Batch score is 0.34208616614341736.
	Batch score is 0.4786800146102905.
	Batch score is 0.5894265174865723.
	Batch score is 0.5092426538467407.
	Batch score is 0.6072522401809692.
	Batch score is 0.34195631742477417.

The average training loss was 0.6755072921514511.
The average training score was 0.4289220804753511.

	---Testing-------------

	Batch score is 0.42733651399612427.
	Batch score is 0.41455888748168945.
	Batch score is 0.5673491358757019.
	Batch score is 0.5615880489349365.
	Batch score is 0.6026475429534912.
	Batch score is 0.42868638038635254.
	Batch score is 0.45504459738731384.
	Batch score is 0.47297585010528564.
	Batch score is 0.29659855365753174.
	Batch score is 0.4215828776359558.
	Batch score is 0.3641265630722046.
	Batch score is 0.43609076738357544.
	Batch score is 0.35419023036956787.
	Batch score is 0.5419697761535645.
	Batch score is 0.4465823173522949.
	Batch score is 0.02456529811024666.

The average testing score was 0.4259933338034898.

-------Epoch 4-------
112839 Rae Halverson started epoch 4.

	---Training-------------

	Batch loss is 0.5974650382995605.
	Batch loss is 0.6037750244140625.
	Batch loss is 0.5513458847999573.
	Batch loss is 0.6671408414840698.
	Batch loss is 0.5738862752914429.
	Batch loss is 0.6701226234436035.
	Batch loss is 0.49488043785095215.
	Batch loss is 0.8003008365631104.
	Batch loss is 0.6108360886573792.
	Batch loss is 0.5662481784820557.
	Batch loss is 0.5941387414932251.
	Batch loss is 0.6424389481544495.
	Batch loss is 0.4906139373779297.
	Batch loss is 0.49512460827827454.
	Batch loss is 0.5302469730377197.
	Batch loss is 0.4996575713157654.
	Batch loss is 0.636296272277832.
	Batch loss is 0.6038167476654053.
	Batch loss is 0.4809097349643707.
	Batch loss is 0.7053829431533813.
	Batch loss is 0.5103455781936646.
	Batch loss is 0.5122723579406738.
	Batch loss is 0.6987240314483643.
	Batch loss is 0.5637786388397217.
	Batch loss is 0.6098250150680542.
	Batch loss is 0.7305294275283813.
	Batch loss is 0.4930655360221863.
	Batch loss is 0.46753448247909546.
	Batch loss is 0.6346107721328735.
	Batch loss is 0.516394853591919.
	Batch loss is 0.7236180901527405.
	Batch loss is 0.5753031373023987.
	Batch loss is 0.6227803826332092.
	Batch loss is 0.5949690937995911.
	Batch loss is 0.5810734033584595.
	Batch loss is 0.6627498865127563.
	Batch loss is 0.552649974822998.
	Batch loss is 0.5456182956695557.
	Batch loss is 0.4937867820262909.
	Batch loss is 0.41750001907348633.
	Batch loss is 0.5890268087387085.
	Batch loss is 0.4977662265300751.
	Batch loss is 0.4410650432109833.
	Batch loss is 0.44654351472854614.
	Batch loss is 0.3823283910751343.
	Batch loss is 0.5628160834312439.

	Batch score is 0.5001059770584106.
	Batch score is 0.4232490360736847.
	Batch score is 0.5057051181793213.
	Batch score is 0.3303781747817993.
	Batch score is 0.536123514175415.
	Batch score is 0.36222803592681885.
	Batch score is 0.5762892961502075.
	Batch score is 0.20755884051322937.
	Batch score is 0.4164718985557556.
	Batch score is 0.4907097816467285.
	Batch score is 0.44853177666664124.
	Batch score is 0.35116297006607056.
	Batch score is 0.5629351139068604.
	Batch score is 0.5144363045692444.
	Batch score is 0.5233893394470215.
	Batch score is 0.5612045526504517.
	Batch score is 0.4068535268306732.
	Batch score is 0.46322542428970337.
	Batch score is 0.5305474996566772.
	Batch score is 0.2904598116874695.
	Batch score is 0.544281542301178.
	Batch score is 0.5269030928611755.
	Batch score is 0.2714443504810333.
	Batch score is 0.4542592763900757.
	Batch score is 0.3991088271141052.
	Batch score is 0.26868343353271484.
	Batch score is 0.5611578822135925.
	Batch score is 0.5489786863327026.
	Batch score is 0.3949916362762451.
	Batch score is 0.5799760818481445.
	Batch score is 0.3344874382019043.
	Batch score is 0.4267842173576355.
	Batch score is 0.3944140076637268.
	Batch score is 0.43709975481033325.
	Batch score is 0.3948690891265869.
	Batch score is 0.3650326728820801.
	Batch score is 0.5242951512336731.
	Batch score is 0.4504724442958832.
	Batch score is 0.47156286239624023.
	Batch score is 0.5816250443458557.
	Batch score is 0.39183008670806885.
	Batch score is 0.5995179414749146.
	Batch score is 0.5857958197593689.
	Batch score is 0.559633195400238.
	Batch score is 0.6547786593437195.
	Batch score is 0.44150853157043457.

The average training loss was 0.5704631202894709.
The average training score was 0.46010995040769165.

	---Testing-------------

	Batch score is 0.3345459997653961.
	Batch score is 0.3425615727901459.
	Batch score is 0.4550691545009613.
	Batch score is 0.4761736989021301.
	Batch score is 0.37842535972595215.
	Batch score is 0.43757036328315735.
	Batch score is 0.30318140983581543.
	Batch score is 0.41761088371276855.
	Batch score is 0.4624251127243042.
	Batch score is 0.5248210430145264.
	Batch score is 0.4755662679672241.
	Batch score is 0.4183744192123413.
	Batch score is 0.5198489427566528.
	Batch score is 0.41749483346939087.
	Batch score is 0.48907607793807983.
	Batch score is 0.11718188226222992.

The average testing score was 0.41062043886631727.

112846 Rae Halverson is done training.
Saving model.
models/190715_112800_model.pt