Bzkjzii_Qie strated training.
Model is Unet3d.
Resolution is 64.
Loss is iou.
Score is iou.
NumEpochs is 200.
Batch Length is 8.
Optimizer is SGD.
Learning rate is 0.01.
Momentum is 0.9.
Valid/Train ratio is 0.25.
Data path is /rsrch1/ip/jrcalabrese/numpyData64.

141203 Bzkjzii_Qie is loading data using the brats3dDataset class.
	There are 484 images in total.
	There are 363 training images, and 121 validation images.
141203 Data is loaded.

141210 Model Unet3d was initialized from scratch.
	Optimizer SGD with learning rate 0.01 and momentum 0.9.
	Loss and Score are IoU.

All right, let's do this.

-------Epoch 1-------
141210 Bzkjzii_Qie started epoch 1.

	---Training-------------

